# Generated by Apache Directory Studio on January 11, 2013 6:56:34 PM

# SCHEMA "S1"
#!RESULT OK
#!CONNECTION ldap://qa-10.qa.coreaudience.com:10389
#!DATE 2013-04-17T13:39:43.233
dn: cn=s1, ou=schema
objectclass: metaSchema
objectclass: top
cn: s1

#!RESULT OK
#!CONNECTION ldap://qa-10.qa.coreaudience.com:10389
#!DATE 2013-04-17T13:39:43.432
dn: ou=attributeTypes, cn=s1, ou=schema
objectclass: organizationalUnit
objectclass: top
ou: attributetypes

#!RESULT OK
#!CONNECTION ldap://qa-10.qa.coreaudience.com:10389
#!DATE 2013-04-17T13:39:43.685
dn: m-oid=2.2.2.2, ou=attributeTypes, cn=s1, ou=schema
objectclass: metaAttributeType
objectclass: metaTop
objectclass: top
m-oid: 2.2.2.2
m-name: saMAccountName
m-equality: caseIgnoreMatch
m-substr: caseIgnoreSubstringsMatch
m-syntax: 1.3.6.1.4.1.1466.115.121.1.15
m-singleValue: TRUE

#!RESULT OK
#!CONNECTION ldap://qa-10.qa.coreaudience.com:10389
#!DATE 2013-04-17T13:39:43.885
dn: ou=comparators, cn=s1, ou=schema
objectclass: organizationalUnit
objectclass: top
ou: comparators

#!RESULT OK
#!CONNECTION ldap://qa-10.qa.coreaudience.com:10389
#!DATE 2013-04-17T13:39:44.086
dn: ou=ditContentRules, cn=s1, ou=schema
objectclass: organizationalUnit
objectclass: top
ou: ditcontentrules

#!RESULT OK
#!CONNECTION ldap://qa-10.qa.coreaudience.com:10389
#!DATE 2013-04-17T13:39:44.288
dn: ou=ditStructureRules, cn=s1, ou=schema
objectclass: organizationalUnit
objectclass: top
ou: ditstructurerules

#!RESULT OK
#!CONNECTION ldap://qa-10.qa.coreaudience.com:10389
#!DATE 2013-04-17T13:39:44.489
dn: ou=matchingRules, cn=s1, ou=schema
objectclass: organizationalUnit
objectclass: top
ou: matchingrules

#!RESULT OK
#!CONNECTION ldap://qa-10.qa.coreaudience.com:10389
#!DATE 2013-04-17T13:39:44.689
dn: ou=matchingRuleUse, cn=s1, ou=schema
objectclass: organizationalUnit
objectclass: top
ou: matchingruleuse

#!RESULT OK
#!CONNECTION ldap://qa-10.qa.coreaudience.com:10389
#!DATE 2013-04-17T13:39:44.890
dn: ou=nameForms, cn=s1, ou=schema
objectclass: organizationalUnit
objectclass: top
ou: nameforms

#!RESULT OK
#!CONNECTION ldap://qa-10.qa.coreaudience.com:10389
#!DATE 2013-04-17T13:39:45.090
dn: ou=normalizers, cn=s1, ou=schema
objectclass: organizationalUnit
objectclass: top
ou: normalizers

#!RESULT OK
#!CONNECTION ldap://qa-10.qa.coreaudience.com:10389
#!DATE 2013-04-17T13:39:45.293
dn: ou=objectClasses, cn=s1, ou=schema
objectclass: organizationalUnit
objectclass: top
ou: objectClasses

#!RESULT OK
#!CONNECTION ldap://qa-10.qa.coreaudience.com:10389
#!DATE 2013-04-17T13:39:45.532
dn: m-oid=2.2, ou=objectClasses, cn=s1, ou=schema
objectclass: metaObjectClass
objectclass: metaTop
objectclass: top
m-oid: 2.2
m-name: o1
m-typeObjectClass: AUXILIARY
m-may: saMAccountName

#!RESULT OK
#!CONNECTION ldap://qa-10.qa.coreaudience.com:10389
#!DATE 2013-04-17T13:39:45.733
dn: ou=syntaxCheckers, cn=s1, ou=schema
objectclass: organizationalUnit
objectclass: top
ou: syntaxcheckers

#!RESULT OK
#!CONNECTION ldap://qa-10.qa.coreaudience.com:10389
#!DATE 2013-04-17T13:39:45.934
dn: ou=syntaxes, cn=s1, ou=schema
objectclass: organizationalUnit
objectclass: top
ou: syntaxes

